# JRE version: Java(TM) SE Runtime Environment (8.0_191-b12) (build 1.8.0_191-b12)
# Java VM: Java HotSpot(TM) 64-Bit Server VM (25.191-b12 mixed mode windows-amd64 compressed oops)
Heap:
 PSYoungGen      total 124416K, used 40892K [0x00000000f5580000, 0x00000000ffc80000, 0x0000000100000000)
  eden space 81920K, 26% used [0x00000000f5580000,0x00000000f6a530e8,0x00000000fa580000)
  from space 42496K, 46% used [0x00000000fd300000,0x00000000fe61c030,0x00000000ffc80000)
  to   space 44544K, 0% used [0x00000000fa580000,0x00000000fa580000,0x00000000fd100000)
 ParOldGen       total 349696K, used 276627K [0x00000000e0000000, 0x00000000f5580000, 0x00000000f5580000)
  object space 349696K, 79% used [0x00000000e0000000,0x00000000f0e24f78,0x00000000f5580000)
 Metaspace       used 135074K, capacity 144083K, committed 144768K, reserved 1173504K
  class space    used 17670K, capacity 19642K, committed 19840K, reserved 1048576K
GC Heap History (10 events):
Event: 627.736 GC heap before
{Heap before GC invocations=114 (full 9):
 PSYoungGen      total 120832K, used 89460K [0x00000000f5580000, 0x00000000ffe80000, 0x0000000100000000)
  eden space 71168K, 99% used [0x00000000f5580000,0x00000000f9adb7d8,0x00000000f9b00000)
  from space 49664K, 37% used [0x00000000f9b00000,0x00000000fad01ba0,0x00000000fcb80000)
  to   space 49152K, 0% used [0x00000000fce80000,0x00000000fce80000,0x00000000ffe80000)
 ParOldGen       total 349696K, used 274417K [0x00000000e0000000, 0x00000000f5580000, 0x00000000f5580000)
  object space 349696K, 78% used [0x00000000e0000000,0x00000000f0bfc428,0x00000000f5580000)
 Metaspace       used 135045K, capacity 144019K, committed 144768K, reserved 1173504K
  class space    used 17670K, capacity 19642K, committed 19840K, reserved 1048576K
Event: 627.766 GC heap after
Heap after GC invocations=114 (full 9):
 PSYoungGen      total 122880K, used 30536K [0x00000000f5580000, 0x00000000ffd00000, 0x0000000100000000)
  eden space 75264K, 0% used [0x00000000f5580000,0x00000000f5580000,0x00000000f9f00000)
  from space 47616K, 64% used [0x00000000fce80000,0x00000000fec520b0,0x00000000ffd00000)
  to   space 48128K, 0% used [0x00000000f9f00000,0x00000000f9f00000,0x00000000fce00000)
 ParOldGen       total 349696K, used 274433K [0x00000000e0000000, 0x00000000f5580000, 0x00000000f5580000)
  object space 349696K, 78% used [0x00000000e0000000,0x00000000f0c00428,0x00000000f5580000)
 Metaspace       used 135045K, capacity 144019K, committed 144768K, reserved 1173504K
  class space    used 17670K, capacity 19642K, committed 19840K, reserved 1048576K
}
Event: 630.407 GC heap before
{Heap before GC invocations=115 (full 9):
 PSYoungGen      total 122880K, used 105800K [0x00000000f5580000, 0x00000000ffd00000, 0x0000000100000000)
  eden space 75264K, 100% used [0x00000000f5580000,0x00000000f9f00000,0x00000000f9f00000)
  from space 47616K, 64% used [0x00000000fce80000,0x00000000fec520b0,0x00000000ffd00000)
  to   space 48128K, 0% used [0x00000000f9f00000,0x00000000f9f00000,0x00000000fce00000)
 ParOldGen       total 349696K, used 274433K [0x00000000e0000000, 0x00000000f5580000, 0x00000000f5580000)
  object space 349696K, 78% used [0x00000000e0000000,0x00000000f0c00428,0x00000000f5580000)
 Metaspace       used 135045K, capacity 144019K, committed 144768K, reserved 1173504K
  class space    used 17670K, capacity 19642K, committed 19840K, reserved 1048576K
Event: 630.466 GC heap after
Heap after GC invocations=115 (full 9):
 PSYoungGen      total 123392K, used 18400K [0x00000000f5580000, 0x00000000fff80000, 0x0000000100000000)
  eden space 75264K, 0% used [0x00000000f5580000,0x00000000f5580000,0x00000000f9f00000)
  from space 48128K, 38% used [0x00000000f9f00000,0x00000000fb0f8020,0x00000000fce00000)
  to   space 47616K, 0% used [0x00000000fd100000,0x00000000fd100000,0x00000000fff80000)
 ParOldGen       total 349696K, used 275290K [0x00000000e0000000, 0x00000000f5580000, 0x00000000f5580000)
  object space 349696K, 78% used [0x00000000e0000000,0x00000000f0cd6870,0x00000000f5580000)
 Metaspace       used 135045K, capacity 144019K, committed 144768K, reserved 1173504K
  class space    used 17670K, capacity 19642K, committed 19840K, reserved 1048576K
}
Event: 631.776 GC heap before
{Heap before GC invocations=116 (full 9):
 PSYoungGen      total 123392K, used 93664K [0x00000000f5580000, 0x00000000fff80000, 0x0000000100000000)
  eden space 75264K, 100% used [0x00000000f5580000,0x00000000f9f00000,0x00000000f9f00000)
  from space 48128K, 38% used [0x00000000f9f00000,0x00000000fb0f8020,0x00000000fce00000)
  to   space 47616K, 0% used [0x00000000fd100000,0x00000000fd100000,0x00000000fff80000)
 ParOldGen       total 349696K, used 275290K [0x00000000e0000000, 0x00000000f5580000, 0x00000000f5580000)
  object space 349696K, 78% used [0x00000000e0000000,0x00000000f0cd6870,0x00000000f5580000)
 Metaspace       used 135048K, capacity 144019K, committed 144768K, reserved 1173504K
  class space    used 17670K, capacity 19642K, committed 19840K, reserved 1048576K
Event: 631.816 GC heap after
Heap after GC invocations=116 (full 9):
 PSYoungGen      total 124416K, used 19458K [0x00000000f5580000, 0x00000000ffd80000, 0x0000000100000000)
  eden space 78848K, 0% used [0x00000000f5580000,0x00000000f5580000,0x00000000fa280000)
  from space 45568K, 42% used [0x00000000fd100000,0x00000000fe400b98,0x00000000ffd80000)
  to   space 46592K, 0% used [0x00000000fa280000,0x00000000fa280000,0x00000000fd000000)
 ParOldGen       total 349696K, used 275777K [0x00000000e0000000, 0x00000000f5580000, 0x00000000f5580000)
  object space 349696K, 78% used [0x00000000e0000000,0x00000000f0d50578,0x00000000f5580000)
 Metaspace       used 135048K, capacity 144019K, committed 144768K, reserved 1173504K
  class space    used 17670K, capacity 19642K, committed 19840K, reserved 1048576K
}
Event: 636.733 GC heap before
{Heap before GC invocations=117 (full 9):
 PSYoungGen      total 124416K, used 98306K [0x00000000f5580000, 0x00000000ffd80000, 0x0000000100000000)
  eden space 78848K, 100% used [0x00000000f5580000,0x00000000fa280000,0x00000000fa280000)
  from space 45568K, 42% used [0x00000000fd100000,0x00000000fe400b98,0x00000000ffd80000)
  to   space 46592K, 0% used [0x00000000fa280000,0x00000000fa280000,0x00000000fd000000)
 ParOldGen       total 349696K, used 275777K [0x00000000e0000000, 0x00000000f5580000, 0x00000000f5580000)
  object space 349696K, 78% used [0x00000000e0000000,0x00000000f0d50578,0x00000000f5580000)
 Metaspace       used 135055K, capacity 144019K, committed 144768K, reserved 1173504K
  class space    used 17670K, capacity 19642K, committed 19840K, reserved 1048576K
Event: 636.775 GC heap after
Heap after GC invocations=117 (full 9):
 PSYoungGen      total 125440K, used 15569K [0x00000000f5580000, 0x0000000100000000, 0x0000000100000000)
  eden space 78848K, 0% used [0x00000000f5580000,0x00000000f5580000,0x00000000fa280000)
  from space 46592K, 33% used [0x00000000fa280000,0x00000000fb1b47c0,0x00000000fd000000)
  to   space 46080K, 0% used [0x00000000fd300000,0x00000000fd300000,0x0000000100000000)
 ParOldGen       total 349696K, used 275793K [0x00000000e0000000, 0x00000000f5580000, 0x00000000f5580000)
  object space 349696K, 78% used [0x00000000e0000000,0x00000000f0d54578,0x00000000f5580000)
 Metaspace       used 135055K, capacity 144019K, committed 144768K, reserved 1173504K
  class space    used 17670K, capacity 19642K, committed 19840K, reserved 1048576K
}
Event: 644.423 GC heap before
{Heap before GC invocations=118 (full 9):
 PSYoungGen      total 125440K, used 94370K [0x00000000f5580000, 0x0000000100000000, 0x0000000100000000)
  eden space 78848K, 99% used [0x00000000f5580000,0x00000000fa274060,0x00000000fa280000)
  from space 46592K, 33% used [0x00000000fa280000,0x00000000fb1b47c0,0x00000000fd000000)
  to   space 46080K, 0% used [0x00000000fd300000,0x00000000fd300000,0x0000000100000000)
 ParOldGen       total 349696K, used 275793K [0x00000000e0000000, 0x00000000f5580000, 0x00000000f5580000)
  object space 349696K, 78% used [0x00000000e0000000,0x00000000f0d54578,0x00000000f5580000)
 Metaspace       used 135059K, capacity 144083K, committed 144768K, reserved 1173504K
  class space    used 17670K, capacity 19642K, committed 19840K, reserved 1048576K
Event: 644.461 GC heap after
Heap after GC invocations=118 (full 9):
 PSYoungGen      total 124416K, used 19568K [0x00000000f5580000, 0x00000000ffc80000, 0x0000000100000000)
  eden space 81920K, 0% used [0x00000000f5580000,0x00000000f5580000,0x00000000fa580000)
  from space 42496K, 46% used [0x00000000fd300000,0x00000000fe61c030,0x00000000ffc80000)
  to   space 44544K, 0% used [0x00000000fa580000,0x00000000fa580000,0x00000000fd100000)
 ParOldGen       total 349696K, used 276627K [0x00000000e0000000, 0x00000000f5580000, 0x00000000f5580000)
  object space 349696K, 79% used [0x00000000e0000000,0x00000000f0e24f78,0x00000000f5580000)
 Metaspace       used 135059K, capacity 144083K, committed 144768K, reserved 1173504K
  class space    used 17670K, capacity 19642K, committed 19840K, reserved 1048576K
}

